[debug] [2021-11-07T18:25:25.623Z] ----------------------------------------------------------------------
[debug] [2021-11-07T18:25:25.630Z] Command:       C:\Program Files\nodejs\node.exe C:\Users\1\AppData\Roaming\npm\node_modules\firebase-tools\lib\bin\firebase.js init
[debug] [2021-11-07T18:25:25.631Z] CLI Version:   9.21.0
[debug] [2021-11-07T18:25:25.631Z] Platform:      win32
[debug] [2021-11-07T18:25:25.632Z] Node Version:  v14.17.4
[debug] [2021-11-07T18:25:25.634Z] Time:          Mon Nov 08 2021 01:25:25 GMT+0700 (Waktu Indonesia Barat)
[debug] [2021-11-07T18:25:25.634Z] ----------------------------------------------------------------------
[debug] 
[debug] [2021-11-07T18:25:25.641Z] >>> [apiv2][query] GET https://firebase-public.firebaseio.com/cli.json [none]
[debug] [2021-11-07T18:25:25.706Z] > command requires scopes: ["email","openid","https://www.googleapis.com/auth/cloudplatformprojects.readonly","https://www.googleapis.com/auth/firebase","https://www.googleapis.com/auth/cloud-platform"]
[debug] [2021-11-07T18:25:25.707Z] > authorizing via signed-in user (fikribusiness2021@gmail.com)
[info] 
     ######## #### ########  ######## ########     ###     ######  ########
     ##        ##  ##     ## ##       ##     ##  ##   ##  ##       ##
     ######    ##  ########  ######   ########  #########  ######  ######
     ##        ##  ##    ##  ##       ##     ## ##     ##       ## ##
     ##       #### ##     ## ######## ########  ##     ##  ######  ########

You're about to initialize a Firebase project in this directory:

  C:\Users\1\Portfolio\EasyCooking

[debug] [2021-11-07T18:25:26.638Z] <<< [apiv2][status] GET https://firebase-public.firebaseio.com/cli.json 200
[debug] [2021-11-07T18:25:26.639Z] <<< [apiv2][body] GET https://firebase-public.firebaseio.com/cli.json {"cloudBuildErrorAfter":1594252800000,"cloudBuildWarnAfter":1590019200000,"defaultNode10After":1594252800000,"minVersion":"3.0.5","node8DeploysDisabledAfter":1613390400000,"node8RuntimeDisabledAfter":1615809600000,"node8WarnAfter":1600128000000}
[info] 
=== Project Setup
[info] 
[info] First, let's associate this project directory with a Firebase project.
[info] You can create multiple project aliases by running firebase use --add, 
[info] but for now we'll just set up a default project.
[info] 
[debug] [2021-11-07T18:25:37.493Z] > refreshing access token with scopes: []
[debug] [2021-11-07T18:25:37.494Z] >>> HTTP REQUEST POST https://www.googleapis.com/oauth2/v3/token  
 <request body omitted>
[debug] [2021-11-07T18:25:37.750Z] <<< HTTP RESPONSE 200 {"date":"Sun, 07 Nov 2021 18:25:38 GMT","cache-control":"no-cache, no-store, max-age=0, must-revalidate","pragma":"no-cache","expires":"Mon, 01 Jan 1990 00:00:00 GMT","content-type":"application/json; charset=utf-8","vary":"X-Origin, Referer, Origin,Accept-Encoding","server":"scaffolding on HTTPServer2","x-xss-protection":"0","x-frame-options":"SAMEORIGIN","x-content-type-options":"nosniff","alt-svc":"h3=\":443\"; ma=2592000,h3-29=\":443\"; ma=2592000,h3-Q050=\":443\"; ma=2592000,h3-Q046=\":443\"; ma=2592000,h3-Q043=\":443\"; ma=2592000,quic=\":443\"; ma=2592000; v=\"46,43\"","accept-ranges":"none","transfer-encoding":"chunked"}
[debug] [2021-11-07T18:25:37.773Z] >>> [apiv2][query] GET https://firebase.googleapis.com/v1beta1/projects pageSize=100
[debug] [2021-11-07T18:25:38.601Z] <<< [apiv2][status] GET https://firebase.googleapis.com/v1beta1/projects 200
[debug] [2021-11-07T18:25:38.601Z] <<< [apiv2][body] GET https://firebase.googleapis.com/v1beta1/projects [omitted]
[info] i  Using project easy-cooking-22 (easy-cooking) 
[info] 
=== Hosting Setup
[info] 
[info] Your public directory is the folder (relative to your project directory) that
[info] will contain Hosting assets to be uploaded with firebase deploy. If you
[info] have a build process for your assets, use your build's output directory.
[info] 
[debug] [2021-11-07T18:27:34.745Z] ----------------------------------------------------------------------
[debug] [2021-11-07T18:27:34.752Z] Command:       C:\Program Files\nodejs\node.exe C:\Users\1\AppData\Roaming\npm\node_modules\firebase-tools\lib\bin\firebase.js init
[debug] [2021-11-07T18:27:34.753Z] CLI Version:   9.21.0
[debug] [2021-11-07T18:27:34.754Z] Platform:      win32
[debug] [2021-11-07T18:27:34.754Z] Node Version:  v14.17.4
[debug] [2021-11-07T18:27:34.756Z] Time:          Mon Nov 08 2021 01:27:34 GMT+0700 (Waktu Indonesia Barat)
[debug] [2021-11-07T18:27:34.757Z] ----------------------------------------------------------------------
[debug] 
[debug] [2021-11-07T18:27:34.777Z] > command requires scopes: ["email","openid","https://www.googleapis.com/auth/cloudplatformprojects.readonly","https://www.googleapis.com/auth/firebase","https://www.googleapis.com/auth/cloud-platform"]
[debug] [2021-11-07T18:27:34.778Z] > authorizing via signed-in user (fikribusiness2021@gmail.com)
[info] 
     ######## #### ########  ######## ########     ###     ######  ########
     ##        ##  ##     ## ##       ##     ##  ##   ##  ##       ##
     ######    ##  ########  ######   ########  #########  ######  ######
     ##        ##  ##    ##  ##       ##     ## ##     ##       ## ##
     ##       #### ##     ## ######## ########  ##     ##  ######  ########

You're about to initialize a Firebase project in this directory:

  C:\Users\1\Portfolio\EasyCooking

[info] 
=== Project Setup
[info] 
[info] First, let's associate this project directory with a Firebase project.
[info] You can create multiple project aliases by running firebase use --add, 
[info] but for now we'll just set up a default project.
[info] 
[debug] [2021-11-07T18:27:55.763Z] >>> [apiv2][query] GET https://firebase.googleapis.com/v1beta1/projects pageSize=100
[debug] [2021-11-07T18:27:56.618Z] <<< [apiv2][status] GET https://firebase.googleapis.com/v1beta1/projects 200
[debug] [2021-11-07T18:27:56.619Z] <<< [apiv2][body] GET https://firebase.googleapis.com/v1beta1/projects [omitted]
[info] i  Using project easy-cooking-22 (easy-cooking) 
[info] 
=== Hosting Setup
[info] 
[info] Your public directory is the folder (relative to your project directory) that
[info] will contain Hosting assets to be uploaded with firebase deploy. If you
[info] have a build process for your assets, use your build's output directory.
[info] 
